brbtgrt Witaj!!! 2018-07-29 17:52:44.365466
tryrtsy Witaj!!! 2018-07-29 18:02:42.991578
brbtgrt Witaj!!! 2018-07-29 18:03:32.429574
brbtgrt Witaj!!! 2018-07-29 18:05:35.942428
ftguy|Witaj!!!|2018-07-29 18:22:47.695811
brbtgrt|Witaj!!!|2018-07-29 18:22:58.651163
brbtgrt || Witaj!!! || 2018-07-29 18:23:51.814896
brbtgrt || Witaj!!! || 2018-07-30 16:46:39.795345
brbrever || Witaj!!! || 2018-07-30 19:17:17.312810
svvdfvf || Witaj!!! || 2018-07-30 19:43:32.807307
eragewrgfa || Witaj!!! || 2018-07-30 19:45:29.155228
brbtgrt || Witaj!!! || 2018-08-06 22:27:52.140707
brbtgrt || Witaj!!! || 2018-08-07 09:43:46.136449
brbtgrt || Witaj!!! || 2018-08-07 11:55:23.523393
brbtgrt || Witaj!!! || 2018-08-07 12:24:36.716239
brbtgrt || Witaj!!! || 2018-08-07 12:24:38.445251
brbtgrt || Witaj!!! || 2018-08-07 12:24:53.003115
brbtgrt || Witaj!!! || 2018-08-07 12:24:54.048374
brbtgrt || Witaj!!! || 2018-08-07 12:25:12.095347
brbtgrt || Witaj!!! || 2018-08-07 12:26:22.830938
brbtgrt || Witaj!!! || 2018-08-07 12:26:38.531456
Jacek || Witaj!!! || 2018-08-07 12:27:25.531155
tryrtsy || Witaj!!! || 2018-08-07 13:09:31.144486
tryrtsy || Witaj!!! || 2018-08-07 13:34:17.115884
brbtgrt || Witaj!!! || 2018-08-07 13:34:23.818314
Jacek || Witaj!!! || 2018-08-07 13:36:32.078565
Jacek || Witaj!!! || 2018-08-07 13:36:42.346479
Jacek || Witaj!!! || 2018-08-07 13:36:45.205770
brbtgrt || Witaj!!! || 2018-08-07 13:38:14.917986
brbtgrt || Witaj!!! || 2018-08-07 13:38:35.138216
wefwefw || Witaj!!! || 2018-08-07 13:38:41.373426
Jacek || Witaj!!! || 2018-08-07 13:38:49.109456
Jacek || Witaj!!! || 2018-08-07 13:39:14.060292
Jacek || Witaj!!! || 2018-08-07 13:39:20.224666
Jacek || Witaj!!! || 2018-08-07 13:42:47.770479
Jacek || Witaj!!! || 2018-08-07 13:50:03.389467
Jacek || Witaj!!! || 2018-08-07 13:55:00.668318
brbtgrt || Witaj!!! || 2018-08-07 13:55:13.250470
brbtgrt || Witaj!!! || 2018-08-07 13:58:47.068039
brbtgrt || Witaj!!! || 2018-08-07 13:59:08.244240
brbtgrt || Witaj!!! || 2018-08-07 13:59:49.260603
brbtgrt || Witaj!!! || 2018-08-07 13:59:50.320714
brbtgrt || Witaj!!! || 2018-08-07 14:00:27.647022
Jacek || Witaj!!! || 2018-08-07 14:01:25.735473
Jacek || Witaj!!! || 2018-08-07 14:08:32.158025
Jacek || Witaj!!! || 2018-08-07 14:18:52.848107
Jacek || Witaj!!! || 2018-08-07 14:19:32.021101
Jacek || Witaj!!! || 2018-08-07 14:20:47.296867
Jacek || Witaj!!! || 2018-08-07 14:29:19.063034
Jacek || Witaj!!! || 2018-08-07 14:29:37.108008
Jacek || Witaj!!! || 2018-08-07 14:29:38.005958
Jacek || Witaj!!! || 2018-08-07 14:29:38.530341
Jacek || Witaj!!! || 2018-08-07 14:31:55.931721
Jacek || Witaj!!! || 2018-08-07 14:36:54.754258
brbtgrt || B≥πd || 2018-08-07 14:37:04.320855
brbtgrt || B≥πd || 2018-08-07 14:46:44.242006
retfyg || B≥πd || 2018-08-07 14:46:51.010703
brbtgrt || B≥πd || 2018-08-07 15:04:00.009543
Jacek || Witaj!!! || 2018-08-07 15:04:14.080819
Aπ”Û || Witaj!!! || 2018-08-07 15:43:41.945473
przemekdab1993 || Witaj!!! || 2018-08-07 16:02:07.138818
przemekdab1993 || Witaj!!! || 2018-08-07 16:03:13.438628
Jacek || Witaj!!! || 2018-08-07 16:13:17.057539
Jacek || Witaj!!! || 2018-08-07 16:15:14.477177
Jacek || Witaj!!! || 2018-08-07 16:16:26.899559
Jacek || Witaj!!! || 2018-08-07 16:29:04.873378
Jacek || Witaj!!! || 2018-08-07 16:29:52.445519
Jacek || Witaj!!! || 2018-08-07 16:29:54.992909
Jacek || Witaj!!! || 2018-08-07 16:29:58.372923
Jacek || Witaj!!! || 2018-08-07 16:30:07.335057
Jacek || Witaj!!! || 2018-08-07 16:30:39.608402
Jacek || Witaj!!! || 2018-08-07 16:31:03.240361
Jacek || Witaj!!! || 2018-08-07 16:31:46.013665
Jacek || Witaj!!! || 2018-08-07 16:31:47.649263
Jacek || Witaj!!! || 2018-08-07 16:31:56.159342
Jacek || Witaj!!! || 2018-08-07 16:34:19.735516
Jacek || Witaj!!! || 2018-08-07 16:34:30.496236
Jacek || Witaj!!! || 2018-08-07 16:34:51.294154
Jacek || Witaj!!! || 2018-08-07 16:35:31.638512
Jacek || Witaj!!! || 2018-08-07 16:35:42.866565
Jacek || Witaj!!! || 2018-08-07 16:35:46.076131
Jacek || Witaj!!! || 2018-08-07 16:36:36.584170
Jacek || Witaj!!! || 2018-08-07 16:36:38.053848
Jacek || Witaj!!! || 2018-08-07 16:37:01.997829
Jacek || Witaj!!! || 2018-08-07 16:38:07.859985
Jacek || Witaj!!! || 2018-08-07 16:39:03.999809
Jacek || Witaj!!! || 2018-08-07 16:39:41.178723
Jacek || Witaj!!! || 2018-08-07 16:43:04.751407
Jacek || Witaj!!! || 2018-08-07 16:43:56.887156
Jacek || Witaj!!! || 2018-08-07 16:44:28.575398
Jacek || Witaj!!! || 2018-08-07 16:47:00.541147
Jacek || Witaj!!! || 2018-08-07 16:59:58.574253
Jacek || Witaj!!! || 2018-08-07 16:59:59.973415
Jacek || Witaj!!! || 2018-08-07 17:00:52.908056
Jacek || Witaj!!! || 2018-08-07 17:01:40.415245
Jacek || Witaj!!! || 2018-08-07 17:02:13.971140
Jacek || Witaj!!! || 2018-08-07 17:02:24.479099
Jacek || Witaj!!! || 2018-08-07 17:02:58.528719
Jacek || Witaj!!! || 2018-08-07 17:03:22.756251
Jacek || Witaj!!! || 2018-08-07 17:03:40.358814
Jacek || Witaj!!! || 2018-08-07 17:03:41.553491
Jacek || Witaj!!! || 2018-08-07 17:05:06.722424
brbtgrt || B≥πd || 2018-08-07 18:58:12.728494
Jacek || Witaj!!! || 2018-08-07 18:58:30.958013
Jacek || Witaj!!! || 2018-08-07 18:59:52.220262
Jacek || Witaj!!! || 2018-08-07 19:00:52.530681
Jacek || Witaj!!! || 2018-08-07 19:01:59.810465
Jacek || Witaj!!! || 2018-08-07 19:02:01.263438
Jacek || Witaj!!! || 2018-08-07 19:02:33.995613
Jacek || Witaj!!! || 2018-08-07 19:03:03.435801
Jacek || Witaj!!! || 2018-08-07 19:17:51.282068
Jacek || Witaj!!! || 2018-08-07 19:19:50.587457
Jacek || Witaj!!! || 2018-08-07 19:30:50.577827
Jacek || Witaj!!! || 2018-08-07 19:44:10.130646
Jacek || Witaj!!! || 2018-08-07 20:47:40.419584
Jacek || Witaj!!! || 2018-08-07 20:48:01.153206
Jacek || Witaj!!! || 2018-08-08 12:52:44.601955
Jacek || Witaj!!! || 2018-08-08 14:36:18.804745
Jacek || Witaj!!! || 2018-08-08 14:44:53.275975
Jacek || Witaj!!! || 2018-08-08 15:06:34.574413
Jacek || Witaj!!! || 2018-08-08 15:12:37.999919
Jacek || Witaj!!! || 2018-08-08 15:13:07.005311
Jacek || Witaj!!! || 2018-08-08 15:19:29.159925
Jacek || Witaj!!! || 2018-08-08 15:19:30.946038
Jacek || Witaj!!! || 2018-08-08 15:19:37.678164
Jacek || Witaj!!! || 2018-08-08 15:20:39.794799
Jacek || Witaj!!! || 2018-08-08 15:24:08.632631
Jacek || Witaj!!! || 2018-08-08 15:26:47.645496
Jacek || Witaj!!! || 2018-08-08 15:27:06.036969
Jacek || B≥πd || 2018-08-08 15:27:18.243352
Jacek || Witaj!!! || 2018-08-08 15:27:52.918295
Jacek || Witaj!!! || 2018-08-08 15:28:28.376628
Jacek || Witaj!!! || 2018-08-08 15:28:55.797382
Jacek || Witaj!!! || 2018-08-08 15:30:08.714133
Jacek || Witaj!!! || 2018-08-08 15:45:28.189896
Jacek || Witaj!!! || 2018-08-08 15:46:00.033482
Jacek || Witaj!!! || 2018-08-08 15:52:07.897594
Jacek || Witaj!!! || 2018-08-08 15:52:36.520418
Jacek || Witaj!!! || 2018-08-08 15:53:24.699188
Jacek || Witaj!!! || 2018-08-08 15:53:52.605720
Jacek || Witaj!!! || 2018-08-08 15:54:31.529099
Jacek || Witaj!!! || 2018-08-08 15:55:15.175545
Jacek || Witaj!!! || 2018-08-08 15:55:53.387334
Jacek || Witaj!!! || 2018-08-08 16:24:24.393825
Jacek || Witaj!!! || 2018-08-08 16:29:10.862159
Jacek || Witaj!!! || 2018-08-08 16:29:26.111108
Jacek || Witaj!!! || 2018-08-08 16:30:11.642425
Jacek || Witaj!!! || 2018-08-08 16:30:26.893443
Jacek || Witaj!!! || 2018-08-08 16:33:27.907851
Jacek || Witaj!!! || 2018-08-08 16:34:39.951692
Jacek || Witaj!!! || 2018-08-08 16:35:03.415024
Jacek || Witaj!!! || 2018-08-08 16:35:37.194957
Jacek || Witaj!!! || 2018-08-08 16:38:20.976264
Jacek || Witaj!!! || 2018-08-08 16:46:39.507669
Jacek || Witaj!!! || 2018-08-08 16:48:35.421292
Jacek || Witaj!!! || 2018-08-08 16:50:01.324174
Jacek || Witaj!!! || 2018-08-08 18:16:58.626460
Jacek || Witaj!!! || 2018-08-08 18:29:01.030096
Jacek || Witaj!!! || 2018-08-08 18:29:50.643394
Jacek || Witaj!!! || 2018-08-08 18:50:22.947344
Jacek || Witaj!!! || 2018-08-08 19:31:00.846505
Jacek1 || B≥πd || 2018-08-09 09:56:03.662174
Jacek1 || B≥πd || 2018-08-09 09:56:12.254048
Jacek1 || B≥πd || 2018-08-09 09:56:28.516417
Jacek1 || Witaj!!! || 2018-08-09 09:57:27.037604
Jacek1 || B≥πd || 2018-08-09 09:59:27.825407
Jacek1 || B≥πd || 2018-08-09 09:59:44.175475
Jacek1 || Witaj!!! || 2018-08-09 09:59:51.922628
Jacek || B≥πd || 2018-08-09 10:01:16.666875
Jacek || B≥πd || 2018-08-09 10:01:36.239186
Jacek || B≥πd || 2018-08-09 10:01:45.875397
Jacek1 || Witaj!!! || 2018-08-09 10:02:29.798923
Jacek || B≥πd || 2018-08-09 10:02:42.908514
Jacek1 || B≥πd || 2018-08-09 10:02:56.034631
Jacek1 || B≥πd || 2018-08-09 10:03:10.006614
Jacek || Witaj!!! || 2018-08-09 10:03:50.340517
Jacek1 || B≥πd || 2018-08-09 11:15:15.156852
Jacek1 || Witaj!!! || 2018-08-09 11:17:58.744172
Jacek || Witaj!!! || 2018-08-09 14:27:04.205004
user3 || Witaj!!! || 2018-08-09 14:29:20.607160
user3 || Witaj!!! || 2018-08-09 14:32:21.834128
user3 || Witaj!!! || 2018-08-09 14:34:00.471272
Jacek1 || Witaj!!! || 2018-08-09 14:55:47.410054
Jacek || Witaj!!! || 2018-08-09 14:58:45.302366
user3 || Witaj!!! || 2018-08-09 15:16:09.637644
user3 || Witaj!!! || 2018-08-09 15:18:48.370334
user3 || Witaj!!! || 2018-08-09 15:18:59.175831
user3 || B≥πd || 2018-08-09 15:19:52.444153
user3 || B≥πd || 2018-08-09 15:23:46.355736
user3 || B≥πd || 2018-08-09 15:23:49.094152
user3 || Witaj!!! || 2018-08-09 15:24:06.851236
pokemon2 || Witaj!!! || 2018-08-10 00:48:29.876751
user4 || B≥πd || 2018-08-10 01:19:02.115599
user8 || Witaj!!! || 2018-08-10 01:51:02.685151
